

Started GET "/assets/rails.png" for 127.0.0.1 at 2012-01-10 21:29:52 -0800
Served asset /rails.png - 200 OK (15ms)


Started GET "/rails/info/properties" for 127.0.0.1 at 2012-01-10 21:29:55 -0800
  Processing by Rails::InfoController#properties as */*
Rendered inline template (22.7ms)
Completed 200 OK in 35ms (Views: 34.0ms | ActiveRecord: 0.0ms)


Started GET "/assets/rails.png" for 127.0.0.1 at 2012-01-15 14:43:40 -0800
Served asset /rails.png - 304 Not Modified (24ms)
  [1m[36m (0.1ms)[0m  [1mselect sqlite_version(*)[0m
  [1m[35m (47.7ms)[0m  CREATE TABLE "schema_migrations" ("version" varchar(255) NOT NULL) 
  [1m[36m (0.1ms)[0m  [1mPRAGMA index_list("schema_migrations")[0m
  [1m[35m (104.5ms)[0m  CREATE UNIQUE INDEX "unique_schema_migrations" ON "schema_migrations" ("version")
  [1m[36m (0.1ms)[0m  [1mSELECT "schema_migrations"."version" FROM "schema_migrations" [0m
Migrating to CreatePurchases (20120115224505)
  [1m[35m (0.5ms)[0m  CREATE TABLE "purchases" ("id" INTEGER PRIMARY KEY AUTOINCREMENT NOT NULL, "name" varchar(255), "cost" float, "created_at" datetime, "updated_at" datetime) 
  [1m[36m (0.1ms)[0m  [1mINSERT INTO "schema_migrations" ("version") VALUES ('20120115224505')[0m
  [1m[35m (0.3ms)[0m  select sqlite_version(*)
  [1m[36m (0.1ms)[0m  [1mSELECT "schema_migrations"."version" FROM "schema_migrations" [0m
  [1m[35m (0.0ms)[0m  PRAGMA index_list("purchases")
  [1m[36m (0.1ms)[0m  [1mSELECT "schema_migrations"."version" FROM "schema_migrations" [0m
  [1m[35m (0.1ms)[0m  SELECT "schema_migrations"."version" FROM "schema_migrations" 
Migrating to CreatePurchases (20120115224505)
  [1m[36m (0.0ms)[0m  [1mselect sqlite_version(*)[0m
  [1m[35m (0.5ms)[0m  DROP TABLE "purchases"
  [1m[36m (0.1ms)[0m  [1mDELETE FROM "schema_migrations" WHERE "schema_migrations"."version" = '20120115224505'[0m
  [1m[35m (0.2ms)[0m  select sqlite_version(*)
  [1m[36m (0.1ms)[0m  [1mSELECT "schema_migrations"."version" FROM "schema_migrations" [0m
  [1m[36m (0.1ms)[0m  [1mSELECT "schema_migrations"."version" FROM "schema_migrations" [0m
Migrating to CreatePurchases (20120115224505)
  [1m[35m (0.0ms)[0m  select sqlite_version(*)
  [1m[36m (0.4ms)[0m  [1mCREATE TABLE "purchases" ("id" INTEGER PRIMARY KEY AUTOINCREMENT NOT NULL, "name" varchar(255), "cost" float, "created_at" datetime, "updated_at" datetime) [0m
  [1m[35m (0.1ms)[0m  INSERT INTO "schema_migrations" ("version") VALUES ('20120115224505')
  [1m[36m (0.3ms)[0m  [1mselect sqlite_version(*)[0m
  [1m[35m (0.1ms)[0m  SELECT "schema_migrations"."version" FROM "schema_migrations" 
  [1m[36m (0.0ms)[0m  [1mPRAGMA index_list("purchases")[0m


Started GET "/purchases" for 127.0.0.1 at 2012-01-15 15:10:25 -0800
  Processing by PurchasesController#index as HTML
  [1m[36mPurchase Load (0.2ms)[0m  [1mSELECT "purchases".* FROM "purchases" [0m
Rendered purchases/index.html.erb within layouts/application (3.4ms)
Compiled application.css  (1ms)  (pid 65156)
Compiled purchases.css  (3ms)  (pid 65156)
Compiled scaffolds.css  (11ms)  (pid 65156)
Compiled application.js  (37ms)  (pid 65156)
Compiled jquery.js  (60ms)  (pid 65156)
Compiled jquery_ujs.js  (30ms)  (pid 65156)
Compiled purchases.js  (926ms)  (pid 65156)
Completed 200 OK in 1419ms (Views: 1417.2ms | ActiveRecord: 0.2ms)


Started GET "/assets/purchases.css?body=1" for 127.0.0.1 at 2012-01-15 15:10:27 -0800
Served asset /purchases.css - 200 OK (4ms)


Started GET "/assets/jquery_ujs.js?body=1" for 127.0.0.1 at 2012-01-15 15:10:27 -0800
Served asset /jquery_ujs.js - 200 OK (2ms)


Started GET "/assets/application.css?body=1" for 127.0.0.1 at 2012-01-15 15:10:27 -0800
Served asset /application.css - 200 OK (0ms)


Started GET "/assets/purchases.js?body=1" for 127.0.0.1 at 2012-01-15 15:10:27 -0800
Served asset /purchases.js - 200 OK (1ms)


Started GET "/assets/jquery.js?body=1" for 127.0.0.1 at 2012-01-15 15:10:27 -0800
Served asset /jquery.js - 200 OK (2ms)


Started GET "/assets/application.js?body=1" for 127.0.0.1 at 2012-01-15 15:10:27 -0800
Served asset /application.js - 200 OK (0ms)


Started GET "/assets/scaffolds.css?body=1" for 127.0.0.1 at 2012-01-15 15:10:27 -0800
Served asset /scaffolds.css - 200 OK (1ms)


Started GET "/purchases/new" for 127.0.0.1 at 2012-01-15 15:10:38 -0800
  Processing by PurchasesController#new as HTML
Rendered purchases/_form.html.erb (9.9ms)
Rendered purchases/new.html.erb within layouts/application (27.3ms)
Completed 200 OK in 35ms (Views: 34.3ms | ActiveRecord: 0.2ms)


Started POST "/purchases" for 127.0.0.1 at 2012-01-15 15:18:20 -0800
  Processing by PurchasesController#create as HTML
  Parameters: {"utf8"=>"✓", "authenticity_token"=>"F7/orLM579UFdWkSXaWCDtyT58chEmWaCGQFU5AQx0U=", "purchase"=>{"name"=>"Speakers", "cost"=>"180.00"}, "commit"=>"Create Purchase"}
  [1m[35mSQL (48.5ms)[0m  INSERT INTO "purchases" ("cost", "created_at", "name", "updated_at") VALUES (?, ?, ?, ?)  [["cost", 180.0], ["created_at", Sun, 15 Jan 2012 23:18:20 UTC +00:00], ["name", "Speakers"], ["updated_at", Sun, 15 Jan 2012 23:18:20 UTC +00:00]]
Redirected to http://localhost:3000/purchases/1
Completed 302 Found in 58ms


Started GET "/purchases/1" for 127.0.0.1 at 2012-01-15 15:18:20 -0800
  Processing by PurchasesController#show as HTML
  Parameters: {"id"=>"1"}
  [1m[36mPurchase Load (0.2ms)[0m  [1mSELECT "purchases".* FROM "purchases" WHERE "purchases"."id" = ? LIMIT 1[0m  [["id", "1"]]
Rendered purchases/show.html.erb within layouts/application (15.9ms)
Completed 200 OK in 126ms (Views: 123.4ms | ActiveRecord: 0.5ms)


Started GET "/assets/purchases.css?body=1" for 127.0.0.1 at 2012-01-15 15:18:20 -0800
Served asset /purchases.css - 304 Not Modified (0ms)


Started GET "/assets/application.js?body=1" for 127.0.0.1 at 2012-01-15 15:18:20 -0800
Served asset /application.js - 304 Not Modified (0ms)


Started GET "/assets/scaffolds.css?body=1" for 127.0.0.1 at 2012-01-15 15:18:20 -0800
Served asset /scaffolds.css - 304 Not Modified (0ms)


Started GET "/assets/purchases.js?body=1" for 127.0.0.1 at 2012-01-15 15:18:20 -0800
Served asset /purchases.js - 304 Not Modified (0ms)


Started GET "/assets/application.css?body=1" for 127.0.0.1 at 2012-01-15 15:18:20 -0800
Served asset /application.css - 304 Not Modified (0ms)


Started GET "/purchases" for 127.0.0.1 at 2012-01-15 15:35:48 -0800
  Processing by PurchasesController#index as HTML
  [1m[35mPurchase Load (0.1ms)[0m  SELECT "purchases".* FROM "purchases" 
Rendered purchases/index.html.erb within layouts/application (6.5ms)
Completed 200 OK in 14ms (Views: 12.5ms | ActiveRecord: 0.3ms)


Started GET "/assets/application.css?body=1" for 127.0.0.1 at 2012-01-15 15:35:48 -0800
Served asset /application.css - 304 Not Modified (0ms)


Started GET "/assets/scaffolds.css?body=1" for 127.0.0.1 at 2012-01-15 15:35:48 -0800
Served asset /scaffolds.css - 304 Not Modified (0ms)


Started GET "/assets/purchases.css?body=1" for 127.0.0.1 at 2012-01-15 15:35:48 -0800
Served asset /purchases.css - 304 Not Modified (0ms)


Started GET "/assets/purchases.js?body=1" for 127.0.0.1 at 2012-01-15 15:35:48 -0800
Served asset /purchases.js - 304 Not Modified (0ms)


Started GET "/assets/application.js?body=1" for 127.0.0.1 at 2012-01-15 15:35:48 -0800
Served asset /application.js - 304 Not Modified (0ms)


Started GET "/purchases/new" for 127.0.0.1 at 2012-01-15 15:35:49 -0800
  Processing by PurchasesController#new as HTML
Rendered purchases/_form.html.erb (7.8ms)
Rendered purchases/new.html.erb within layouts/application (8.7ms)
Completed 200 OK in 15ms (Views: 14.5ms | ActiveRecord: 0.2ms)


Started GET "/assets/purchases.js?body=1" for 127.0.0.1 at 2012-01-15 15:35:49 -0800
Served asset /purchases.js - 304 Not Modified (0ms)


Started GET "/assets/purchases.css?body=1" for 127.0.0.1 at 2012-01-15 15:35:49 -0800
Served asset /purchases.css - 304 Not Modified (0ms)


Started GET "/assets/application.js?body=1" for 127.0.0.1 at 2012-01-15 15:35:49 -0800
Served asset /application.js - 304 Not Modified (0ms)


Started GET "/assets/scaffolds.css?body=1" for 127.0.0.1 at 2012-01-15 15:35:49 -0800
Served asset /scaffolds.css - 304 Not Modified (0ms)


Started GET "/assets/application.css?body=1" for 127.0.0.1 at 2012-01-15 15:35:49 -0800
Served asset /application.css - 304 Not Modified (0ms)


Started POST "/purchases" for 127.0.0.1 at 2012-01-15 15:35:50 -0800
  Processing by PurchasesController#create as HTML
  Parameters: {"utf8"=>"✓", "authenticity_token"=>"F7/orLM579UFdWkSXaWCDtyT58chEmWaCGQFU5AQx0U=", "purchase"=>{"name"=>"", "cost"=>""}, "commit"=>"Create Purchase"}
Rendered purchases/_form.html.erb (4.0ms)
Rendered purchases/new.html.erb within layouts/application (4.9ms)
Completed 200 OK in 47ms (Views: 11.3ms | ActiveRecord: 0.2ms)


Started GET "/assets/application.css?body=1" for 127.0.0.1 at 2012-01-15 15:35:51 -0800
Served asset /application.css - 304 Not Modified (0ms)


Started GET "/assets/purchases.css?body=1" for 127.0.0.1 at 2012-01-15 15:35:51 -0800
Served asset /purchases.css - 304 Not Modified (0ms)


Started GET "/assets/purchases.js?body=1" for 127.0.0.1 at 2012-01-15 15:35:51 -0800
Served asset /purchases.js - 304 Not Modified (0ms)


Started GET "/assets/application.js?body=1" for 127.0.0.1 at 2012-01-15 15:35:51 -0800
Served asset /application.js - 304 Not Modified (0ms)


Started GET "/assets/scaffolds.css?body=1" for 127.0.0.1 at 2012-01-15 15:35:51 -0800
Served asset /scaffolds.css - 304 Not Modified (0ms)


Started POST "/purchases" for 127.0.0.1 at 2012-01-15 16:10:17 -0800
  Processing by PurchasesController#create as HTML
  Parameters: {"utf8"=>"✓", "authenticity_token"=>"F7/orLM579UFdWkSXaWCDtyT58chEmWaCGQFU5AQx0U=", "purchase"=>{"name"=>"foo", "cost"=>"-100"}, "commit"=>"Create Purchase"}
Rendered purchases/_form.html.erb (2.6ms)
Rendered purchases/new.html.erb within layouts/application (3.5ms)
Completed 200 OK in 16ms (Views: 9.6ms | ActiveRecord: 0.2ms)


Started GET "/assets/application.css?body=1" for 127.0.0.1 at 2012-01-15 16:10:17 -0800
Served asset /application.css - 304 Not Modified (0ms)


Started GET "/assets/purchases.css?body=1" for 127.0.0.1 at 2012-01-15 16:10:17 -0800
Served asset /purchases.css - 304 Not Modified (0ms)


Started GET "/assets/scaffolds.css?body=1" for 127.0.0.1 at 2012-01-15 16:10:17 -0800
Served asset /scaffolds.css - 304 Not Modified (0ms)


Started GET "/assets/application.js?body=1" for 127.0.0.1 at 2012-01-15 16:10:17 -0800
Served asset /application.js - 304 Not Modified (0ms)


Started GET "/assets/purchases.js?body=1" for 127.0.0.1 at 2012-01-15 16:10:17 -0800
Served asset /purchases.js - 304 Not Modified (0ms)


Started GET "/purchases" for 127.0.0.1 at 2012-01-15 16:15:52 -0800
  Processing by PurchasesController#index as HTML
  [1m[36mPurchase Load (0.1ms)[0m  [1mSELECT "purchases".* FROM "purchases" [0m
Rendered purchases/index.html.erb within layouts/application (58.5ms)
Completed 200 OK in 67ms (Views: 64.8ms | ActiveRecord: 1.2ms)


Started GET "/assets/application.css?body=1" for 127.0.0.1 at 2012-01-15 16:15:52 -0800
Served asset /application.css - 304 Not Modified (0ms)


Started GET "/assets/application.js?body=1" for 127.0.0.1 at 2012-01-15 16:15:52 -0800
Served asset /application.js - 304 Not Modified (0ms)


Started GET "/assets/purchases.css?body=1" for 127.0.0.1 at 2012-01-15 16:15:52 -0800
Served asset /purchases.css - 304 Not Modified (0ms)


Started GET "/assets/purchases.js?body=1" for 127.0.0.1 at 2012-01-15 16:15:52 -0800
Served asset /purchases.js - 304 Not Modified (0ms)


Started GET "/assets/scaffolds.css?body=1" for 127.0.0.1 at 2012-01-15 16:15:52 -0800
Served asset /scaffolds.css - 304 Not Modified (0ms)


Started GET "/purchases/new" for 127.0.0.1 at 2012-01-15 16:15:58 -0800
  Processing by PurchasesController#new as HTML
Rendered purchases/_form.html.erb (7.2ms)
Rendered purchases/new.html.erb within layouts/application (9.8ms)
Completed 200 OK in 17ms (Views: 16.2ms | ActiveRecord: 0.2ms)


Started GET "/assets/application.js?body=1" for 127.0.0.1 at 2012-01-15 16:15:58 -0800
Served asset /application.js - 304 Not Modified (0ms)


Started GET "/assets/purchases.js?body=1" for 127.0.0.1 at 2012-01-15 16:15:58 -0800
Served asset /purchases.js - 304 Not Modified (0ms)


Started GET "/assets/purchases.css?body=1" for 127.0.0.1 at 2012-01-15 16:15:58 -0800
Served asset /purchases.css - 304 Not Modified (0ms)


Started GET "/assets/scaffolds.css?body=1" for 127.0.0.1 at 2012-01-15 16:15:58 -0800
Served asset /scaffolds.css - 304 Not Modified (0ms)


Started GET "/assets/application.css?body=1" for 127.0.0.1 at 2012-01-15 16:15:58 -0800
Served asset /application.css - 304 Not Modified (0ms)


Started POST "/purchases" for 127.0.0.1 at 2012-01-15 16:16:01 -0800
  Processing by PurchasesController#create as HTML
  Parameters: {"utf8"=>"✓", "authenticity_token"=>"F7/orLM579UFdWkSXaWCDtyT58chEmWaCGQFU5AQx0U=", "purchase"=>{"name"=>"Foo", "cost"=>"100"}, "commit"=>"Create Purchase"}
  [1m[35mSQL (0.5ms)[0m  INSERT INTO "purchases" ("cost", "created_at", "name", "updated_at") VALUES (?, ?, ?, ?)  [["cost", 100.0], ["created_at", Mon, 16 Jan 2012 00:16:01 UTC +00:00], ["name", "Foo"], ["updated_at", Mon, 16 Jan 2012 00:16:01 UTC +00:00]]
Redirected to http://localhost:3000/purchases/2
Completed 302 Found in 10ms


Started GET "/purchases/2" for 127.0.0.1 at 2012-01-15 16:16:01 -0800
  Processing by PurchasesController#show as HTML
  Parameters: {"id"=>"2"}
  [1m[36mPurchase Load (0.1ms)[0m  [1mSELECT "purchases".* FROM "purchases" WHERE "purchases"."id" = ? LIMIT 1[0m  [["id", "2"]]
Rendered purchases/show.html.erb within layouts/application (5.5ms)
Completed 200 OK in 36ms (Views: 18.7ms | ActiveRecord: 2.2ms)


Started GET "/assets/purchases.css?body=1" for 127.0.0.1 at 2012-01-15 16:16:01 -0800
Served asset /purchases.css - 304 Not Modified (0ms)


Started GET "/assets/scaffolds.css?body=1" for 127.0.0.1 at 2012-01-15 16:16:01 -0800
Served asset /scaffolds.css - 304 Not Modified (0ms)


Started GET "/assets/purchases.js?body=1" for 127.0.0.1 at 2012-01-15 16:16:01 -0800
Served asset /purchases.js - 304 Not Modified (0ms)


Started GET "/assets/application.js?body=1" for 127.0.0.1 at 2012-01-15 16:16:01 -0800
Served asset /application.js - 304 Not Modified (0ms)


Started GET "/assets/application.css?body=1" for 127.0.0.1 at 2012-01-15 16:16:01 -0800
Served asset /application.css - 304 Not Modified (1ms)


Started GET "/purchases" for 127.0.0.1 at 2012-01-15 16:16:03 -0800
  Processing by PurchasesController#index as HTML
  [1m[35mPurchase Load (0.1ms)[0m  SELECT "purchases".* FROM "purchases" 
Rendered purchases/index.html.erb within layouts/application (9.8ms)
Completed 200 OK in 19ms (Views: 16.0ms | ActiveRecord: 1.4ms)


Started GET "/assets/application.css?body=1" for 127.0.0.1 at 2012-01-15 16:16:03 -0800
Served asset /application.css - 304 Not Modified (0ms)


Started GET "/assets/application.js?body=1" for 127.0.0.1 at 2012-01-15 16:16:03 -0800
Served asset /application.js - 304 Not Modified (0ms)


Started GET "/assets/purchases.js?body=1" for 127.0.0.1 at 2012-01-15 16:16:03 -0800
Served asset /purchases.js - 304 Not Modified (0ms)


Started GET "/assets/scaffolds.css?body=1" for 127.0.0.1 at 2012-01-15 16:16:03 -0800
Served asset /scaffolds.css - 304 Not Modified (0ms)


Started GET "/assets/purchases.css?body=1" for 127.0.0.1 at 2012-01-15 16:16:03 -0800
Served asset /purchases.css - 304 Not Modified (0ms)


Started GET "/purchases/new" for 127.0.0.1 at 2012-01-15 16:16:26 -0800
  Processing by PurchasesController#new as HTML
Rendered purchases/_form.html.erb (28.1ms)
Rendered purchases/new.html.erb within layouts/application (29.1ms)
Completed 200 OK in 36ms (Views: 35.5ms | ActiveRecord: 0.3ms)


Started GET "/assets/application.js?body=1" for 127.0.0.1 at 2012-01-15 16:16:27 -0800
Served asset /application.js - 304 Not Modified (0ms)


Started GET "/assets/scaffolds.css?body=1" for 127.0.0.1 at 2012-01-15 16:16:27 -0800
Served asset /scaffolds.css - 304 Not Modified (0ms)


Started GET "/assets/purchases.js?body=1" for 127.0.0.1 at 2012-01-15 16:16:27 -0800
Served asset /purchases.js - 304 Not Modified (0ms)


Started GET "/assets/application.css?body=1" for 127.0.0.1 at 2012-01-15 16:16:27 -0800
Served asset /application.css - 304 Not Modified (0ms)


Started GET "/assets/purchases.css?body=1" for 127.0.0.1 at 2012-01-15 16:16:27 -0800
Served asset /purchases.css - 304 Not Modified (0ms)


Started GET "/purchases" for 127.0.0.1 at 2012-01-15 16:17:56 -0800
  Processing by PurchasesController#index as HTML
  [1m[36mPurchase Load (0.1ms)[0m  [1mSELECT "purchases".* FROM "purchases" [0m
Rendered purchases/index.html.erb within layouts/application (12.0ms)
Completed 200 OK in 20ms (Views: 18.4ms | ActiveRecord: 0.4ms)


Started GET "/assets/purchases.css?body=1" for 127.0.0.1 at 2012-01-15 16:17:56 -0800
Served asset /purchases.css - 304 Not Modified (0ms)


Started GET "/assets/scaffolds.css?body=1" for 127.0.0.1 at 2012-01-15 16:17:56 -0800
Served asset /scaffolds.css - 304 Not Modified (0ms)


Started GET "/assets/application.js?body=1" for 127.0.0.1 at 2012-01-15 16:17:56 -0800
Served asset /application.js - 304 Not Modified (0ms)


Started GET "/assets/application.css?body=1" for 127.0.0.1 at 2012-01-15 16:17:56 -0800
Served asset /application.css - 304 Not Modified (0ms)


Started GET "/assets/purchases.js?body=1" for 127.0.0.1 at 2012-01-15 16:17:56 -0800
Served asset /purchases.js - 304 Not Modified (0ms)


Started GET "/purchases/2/edit" for 127.0.0.1 at 2012-01-15 16:17:58 -0800
  Processing by PurchasesController#edit as HTML
  Parameters: {"id"=>"2"}
  [1m[35mPurchase Load (0.1ms)[0m  SELECT "purchases".* FROM "purchases" WHERE "purchases"."id" = ? LIMIT 1  [["id", "2"]]
Rendered purchases/_form.html.erb (7.0ms)
Rendered purchases/edit.html.erb within layouts/application (9.1ms)
Completed 200 OK in 20ms (Views: 18.6ms | ActiveRecord: 0.4ms)


Started GET "/assets/application.css?body=1" for 127.0.0.1 at 2012-01-15 16:17:58 -0800
Served asset /application.css - 304 Not Modified (0ms)


Started GET "/assets/purchases.css?body=1" for 127.0.0.1 at 2012-01-15 16:17:58 -0800
Served asset /purchases.css - 304 Not Modified (0ms)


Started GET "/assets/application.js?body=1" for 127.0.0.1 at 2012-01-15 16:17:58 -0800
Served asset /application.js - 304 Not Modified (0ms)


Started GET "/assets/purchases.js?body=1" for 127.0.0.1 at 2012-01-15 16:17:58 -0800
Served asset /purchases.js - 304 Not Modified (0ms)


Started GET "/assets/scaffolds.css?body=1" for 127.0.0.1 at 2012-01-15 16:17:58 -0800
Served asset /scaffolds.css - 304 Not Modified (0ms)


Started PUT "/purchases/2" for 127.0.0.1 at 2012-01-15 16:28:03 -0800
  Processing by PurchasesController#update as HTML
  Parameters: {"utf8"=>"✓", "authenticity_token"=>"F7/orLM579UFdWkSXaWCDtyT58chEmWaCGQFU5AQx0U=", "purchase"=>{"name"=>"Foo", "cost"=>"10"}, "commit"=>"Update Purchase", "id"=>"2"}
  [1m[36mPurchase Load (0.1ms)[0m  [1mSELECT "purchases".* FROM "purchases" WHERE "purchases"."id" = ? LIMIT 1[0m  [["id", "2"]]
  [1m[35m (17.1ms)[0m  UPDATE "purchases" SET "cost" = 10.0, "updated_at" = '2012-01-16 00:28:03.281420' WHERE "purchases"."id" = 2
Redirected to http://localhost:3000/purchases/2
Completed 302 Found in 28ms


Started GET "/purchases/2" for 127.0.0.1 at 2012-01-15 16:28:03 -0800
  Processing by PurchasesController#show as HTML
  Parameters: {"id"=>"2"}
  [1m[36mPurchase Load (0.1ms)[0m  [1mSELECT "purchases".* FROM "purchases" WHERE "purchases"."id" = ? LIMIT 1[0m  [["id", "2"]]
Rendered purchases/show.html.erb within layouts/application (5.8ms)
Completed 200 OK in 35ms (Views: 32.9ms | ActiveRecord: 0.5ms)


Started GET "/assets/application.css?body=1" for 127.0.0.1 at 2012-01-15 16:28:03 -0800
Served asset /application.css - 304 Not Modified (0ms)


Started GET "/assets/scaffolds.css?body=1" for 127.0.0.1 at 2012-01-15 16:28:03 -0800
Served asset /scaffolds.css - 304 Not Modified (0ms)


Started GET "/assets/purchases.js?body=1" for 127.0.0.1 at 2012-01-15 16:28:03 -0800
Served asset /purchases.js - 304 Not Modified (0ms)


Started GET "/assets/application.js?body=1" for 127.0.0.1 at 2012-01-15 16:28:03 -0800
Served asset /application.js - 304 Not Modified (0ms)


Started GET "/assets/purchases.css?body=1" for 127.0.0.1 at 2012-01-15 16:28:03 -0800
Served asset /purchases.css - 304 Not Modified (0ms)


Started GET "/purchases" for 127.0.0.1 at 2012-01-15 16:28:04 -0800
  Processing by PurchasesController#index as HTML
  [1m[35mPurchase Load (0.1ms)[0m  SELECT "purchases".* FROM "purchases" 
Rendered purchases/index.html.erb within layouts/application (8.3ms)
Completed 200 OK in 20ms (Views: 18.9ms | ActiveRecord: 0.3ms)


Started GET "/assets/application.css?body=1" for 127.0.0.1 at 2012-01-15 16:28:05 -0800
Served asset /application.css - 304 Not Modified (0ms)


Started GET "/assets/application.js?body=1" for 127.0.0.1 at 2012-01-15 16:28:05 -0800
Served asset /application.js - 304 Not Modified (0ms)


Started GET "/assets/purchases.js?body=1" for 127.0.0.1 at 2012-01-15 16:28:05 -0800
Served asset /purchases.js - 304 Not Modified (0ms)


Started GET "/assets/scaffolds.css?body=1" for 127.0.0.1 at 2012-01-15 16:28:05 -0800
Served asset /scaffolds.css - 304 Not Modified (0ms)


Started GET "/assets/purchases.css?body=1" for 127.0.0.1 at 2012-01-15 16:28:05 -0800
Served asset /purchases.css - 304 Not Modified (0ms)


Started GET "/purchases/2/edit" for 127.0.0.1 at 2012-01-15 16:28:06 -0800
  Processing by PurchasesController#edit as HTML
  Parameters: {"id"=>"2"}
  [1m[36mPurchase Load (0.1ms)[0m  [1mSELECT "purchases".* FROM "purchases" WHERE "purchases"."id" = ? LIMIT 1[0m  [["id", "2"]]
Rendered purchases/_form.html.erb (6.8ms)
Rendered purchases/edit.html.erb within layouts/application (8.2ms)
Completed 200 OK in 22ms (Views: 20.8ms | ActiveRecord: 0.4ms)


Started GET "/assets/application.css?body=1" for 127.0.0.1 at 2012-01-15 16:28:06 -0800
Served asset /application.css - 304 Not Modified (0ms)


Started GET "/assets/scaffolds.css?body=1" for 127.0.0.1 at 2012-01-15 16:28:06 -0800
Served asset /scaffolds.css - 304 Not Modified (0ms)


Started GET "/assets/purchases.js?body=1" for 127.0.0.1 at 2012-01-15 16:28:06 -0800
Served asset /purchases.js - 304 Not Modified (0ms)


Started GET "/assets/application.js?body=1" for 127.0.0.1 at 2012-01-15 16:28:06 -0800
Served asset /application.js - 304 Not Modified (0ms)


Started GET "/assets/purchases.css?body=1" for 127.0.0.1 at 2012-01-15 16:28:06 -0800
Served asset /purchases.css - 304 Not Modified (0ms)


Started GET "/purchases/2/edit" for 127.0.0.1 at 2012-01-15 16:28:11 -0800
  Processing by PurchasesController#edit as HTML
  Parameters: {"id"=>"2"}
  [1m[35mPurchase Load (0.1ms)[0m  SELECT "purchases".* FROM "purchases" WHERE "purchases"."id" = ? LIMIT 1  [["id", "2"]]
Rendered purchases/_form.html.erb (11.2ms)
Rendered purchases/edit.html.erb within layouts/application (12.8ms)
Completed 200 OK in 21ms (Views: 19.6ms | ActiveRecord: 0.4ms)


Started GET "/assets/purchases.css?body=1" for 127.0.0.1 at 2012-01-15 16:28:11 -0800
Served asset /purchases.css - 304 Not Modified (0ms)


Started GET "/assets/scaffolds.css?body=1" for 127.0.0.1 at 2012-01-15 16:28:11 -0800
Served asset /scaffolds.css - 304 Not Modified (0ms)


Started GET "/assets/application.js?body=1" for 127.0.0.1 at 2012-01-15 16:28:11 -0800
Served asset /application.js - 304 Not Modified (0ms)


Started GET "/assets/purchases.js?body=1" for 127.0.0.1 at 2012-01-15 16:28:11 -0800
Served asset /purchases.js - 304 Not Modified (0ms)


Started GET "/assets/application.css?body=1" for 127.0.0.1 at 2012-01-15 16:28:11 -0800
Served asset /application.css - 304 Not Modified (0ms)


Started PUT "/purchases/2" for 127.0.0.1 at 2012-01-15 16:28:14 -0800
  Processing by PurchasesController#update as HTML
  Parameters: {"utf8"=>"✓", "authenticity_token"=>"F7/orLM579UFdWkSXaWCDtyT58chEmWaCGQFU5AQx0U=", "purchase"=>{"name"=>"", "cost"=>"10.0"}, "commit"=>"Update Purchase", "id"=>"2"}
  [1m[36mPurchase Load (0.1ms)[0m  [1mSELECT "purchases".* FROM "purchases" WHERE "purchases"."id" = ? LIMIT 1[0m  [["id", "2"]]
Rendered purchases/_form.html.erb (2.9ms)
Rendered purchases/edit.html.erb within layouts/application (4.2ms)
Completed 200 OK in 18ms (Views: 9.9ms | ActiveRecord: 0.5ms)


Started GET "/assets/application.css?body=1" for 127.0.0.1 at 2012-01-15 16:28:14 -0800
Served asset /application.css - 304 Not Modified (0ms)


Started GET "/assets/purchases.js?body=1" for 127.0.0.1 at 2012-01-15 16:28:14 -0800
Served asset /purchases.js - 304 Not Modified (0ms)


Started GET "/assets/application.js?body=1" for 127.0.0.1 at 2012-01-15 16:28:14 -0800
Served asset /application.js - 304 Not Modified (0ms)


Started GET "/assets/scaffolds.css?body=1" for 127.0.0.1 at 2012-01-15 16:28:14 -0800
Served asset /scaffolds.css - 304 Not Modified (0ms)


Started GET "/assets/purchases.css?body=1" for 127.0.0.1 at 2012-01-15 16:28:14 -0800
Served asset /purchases.css - 304 Not Modified (0ms)


Started GET "/purchases" for 127.0.0.1 at 2012-01-15 16:28:16 -0800
  Processing by PurchasesController#index as HTML
  [1m[35mPurchase Load (0.1ms)[0m  SELECT "purchases".* FROM "purchases" 
Rendered purchases/index.html.erb within layouts/application (12.7ms)
Completed 200 OK in 21ms (Views: 19.5ms | ActiveRecord: 0.5ms)


Started GET "/assets/purchases.css?body=1" for 127.0.0.1 at 2012-01-15 16:28:16 -0800
Served asset /purchases.css - 304 Not Modified (0ms)


Started GET "/assets/purchases.js?body=1" for 127.0.0.1 at 2012-01-15 16:28:16 -0800
Served asset /purchases.js - 304 Not Modified (0ms)


Started GET "/assets/scaffolds.css?body=1" for 127.0.0.1 at 2012-01-15 16:28:16 -0800
Served asset /scaffolds.css - 304 Not Modified (0ms)


Started GET "/assets/application.css?body=1" for 127.0.0.1 at 2012-01-15 16:28:16 -0800
Served asset /application.css - 304 Not Modified (0ms)


Started GET "/assets/application.js?body=1" for 127.0.0.1 at 2012-01-15 16:28:16 -0800
Served asset /application.js - 304 Not Modified (0ms)


Started DELETE "/purchases/2" for 127.0.0.1 at 2012-01-15 16:28:25 -0800
  Processing by PurchasesController#destroy as HTML
  Parameters: {"authenticity_token"=>"F7/orLM579UFdWkSXaWCDtyT58chEmWaCGQFU5AQx0U=", "id"=>"2"}
  [1m[36mPurchase Load (0.1ms)[0m  [1mSELECT "purchases".* FROM "purchases" WHERE "purchases"."id" = ? LIMIT 1[0m  [["id", "2"]]
  [1m[35mSQL (0.8ms)[0m  DELETE FROM "purchases" WHERE "purchases"."id" = ?  [["id", 2]]
Redirected to http://localhost:3000/purchases
Completed 302 Found in 125ms


Started GET "/purchases" for 127.0.0.1 at 2012-01-15 16:28:26 -0800
  Processing by PurchasesController#index as HTML
  [1m[36mPurchase Load (0.1ms)[0m  [1mSELECT "purchases".* FROM "purchases" [0m
Rendered purchases/index.html.erb within layouts/application (7.1ms)
Completed 200 OK in 15ms (Views: 13.8ms | ActiveRecord: 0.4ms)


Started GET "/assets/purchases.css?body=1" for 127.0.0.1 at 2012-01-15 16:28:26 -0800
Served asset /purchases.css - 304 Not Modified (0ms)


Started GET "/assets/purchases.js?body=1" for 127.0.0.1 at 2012-01-15 16:28:26 -0800
Served asset /purchases.js - 304 Not Modified (0ms)


Started GET "/assets/scaffolds.css?body=1" for 127.0.0.1 at 2012-01-15 16:28:26 -0800
Served asset /scaffolds.css - 304 Not Modified (0ms)


Started GET "/assets/application.js?body=1" for 127.0.0.1 at 2012-01-15 16:28:26 -0800
Served asset /application.js - 304 Not Modified (0ms)


Started GET "/assets/application.css?body=1" for 127.0.0.1 at 2012-01-15 16:28:26 -0800
Served asset /application.css - 304 Not Modified (0ms)
  [1m[36m (0.1ms)[0m  [1mSELECT "schema_migrations"."version" FROM "schema_migrations" [0m
  [1m[35m (0.2ms)[0m  select sqlite_version(*)
  [1m[36m (1.6ms)[0m  [1mCREATE TABLE "purchases" ("id" INTEGER PRIMARY KEY AUTOINCREMENT NOT NULL, "name" varchar(255), "cost" float, "created_at" datetime, "updated_at" datetime) [0m
  [1m[35m (1.1ms)[0m  CREATE TABLE "schema_migrations" ("version" varchar(255) NOT NULL) 
  [1m[36m (0.0ms)[0m  [1mPRAGMA index_list("schema_migrations")[0m
  [1m[35m (1.1ms)[0m  CREATE UNIQUE INDEX "unique_schema_migrations" ON "schema_migrations" ("version")
  [1m[36m (0.1ms)[0m  [1mSELECT version FROM "schema_migrations"[0m
  [1m[35m (1.2ms)[0m  INSERT INTO "schema_migrations" (version) VALUES ('20120115224505')
